# JRE version: Java(TM) SE Runtime Environment (8.0_112-b15) (build 1.8.0_112-b15)
# Java VM: Java HotSpot(TM) 64-Bit Server VM (25.112-b15 mixed mode windows-amd64 compressed oops)
Heap:
 PSYoungGen      total 540672K, used 427726K [0x00000000d5580000, 0x00000000f8980000, 0x0000000100000000)
  eden space 508928K, 80% used [0x00000000d5580000,0x00000000ee584218,0x00000000f4680000)
  from space 31744K, 57% used [0x00000000f6a80000,0x00000000f7c2f6f0,0x00000000f8980000)
  to   space 34304K, 0% used [0x00000000f4680000,0x00000000f4680000,0x00000000f6800000)
 ParOldGen       total 466944K, used 80040K [0x0000000080000000, 0x000000009c800000, 0x00000000d5580000)
  object space 466944K, 17% used [0x0000000080000000,0x0000000084e2a3f0,0x000000009c800000)
 Metaspace       used 147674K, capacity 160814K, committed 164416K, reserved 1191936K
  class space    used 18687K, capacity 21588K, committed 22376K, reserved 1048576K
GC Heap History (10 events):
Event: 13524.421 GC heap before
{Heap before GC invocations=69 (full 5):
 PSYoungGen      total 387072K, used 368082K [0x00000000d5580000, 0x00000000f1c00000, 0x0000000100000000)
  eden space 346112K, 100% used [0x00000000d5580000,0x00000000ea780000,0x00000000ea780000)
  from space 40960K, 53% used [0x00000000ea780000,0x00000000ebcf49d8,0x00000000ecf80000)
  to   space 39936K, 0% used [0x00000000ef500000,0x00000000ef500000,0x00000000f1c00000)
 ParOldGen       total 466944K, used 80032K [0x0000000080000000, 0x000000009c800000, 0x00000000d5580000)
  object space 466944K, 17% used [0x0000000080000000,0x0000000084e283f0,0x000000009c800000)
 Metaspace       used 147392K, capacity 160558K, committed 164160K, reserved 1191936K
  class space    used 18687K, capacity 21588K, committed 22376K, reserved 1048576K
Event: 13524.442 GC heap after
Heap after GC invocations=69 (full 5):
 PSYoungGen      total 426496K, used 20958K [0x00000000d5580000, 0x00000000f2080000, 0x0000000100000000)
  eden space 386560K, 0% used [0x00000000d5580000,0x00000000d5580000,0x00000000ecf00000)
  from space 39936K, 52% used [0x00000000ef500000,0x00000000f0977850,0x00000000f1c00000)
  to   space 38912K, 0% used [0x00000000ecf00000,0x00000000ecf00000,0x00000000ef500000)
 ParOldGen       total 466944K, used 80040K [0x0000000080000000, 0x000000009c800000, 0x00000000d5580000)
  object space 466944K, 17% used [0x0000000080000000,0x0000000084e2a3f0,0x000000009c800000)
 Metaspace       used 147392K, capacity 160558K, committed 164160K, reserved 1191936K
  class space    used 18687K, capacity 21588K, committed 22376K, reserved 1048576K
}
Event: 13524.910 GC heap before
{Heap before GC invocations=70 (full 5):
 PSYoungGen      total 426496K, used 407518K [0x00000000d5580000, 0x00000000f2080000, 0x0000000100000000)
  eden space 386560K, 100% used [0x00000000d5580000,0x00000000ecf00000,0x00000000ecf00000)
  from space 39936K, 52% used [0x00000000ef500000,0x00000000f0977850,0x00000000f1c00000)
  to   space 38912K, 0% used [0x00000000ecf00000,0x00000000ecf00000,0x00000000ef500000)
 ParOldGen       total 466944K, used 80040K [0x0000000080000000, 0x000000009c800000, 0x00000000d5580000)
  object space 466944K, 17% used [0x0000000080000000,0x0000000084e2a3f0,0x000000009c800000)
 Metaspace       used 147405K, capacity 160558K, committed 164160K, reserved 1191936K
  class space    used 18687K, capacity 21588K, committed 22376K, reserved 1048576K
Event: 13524.928 GC heap after
Heap after GC invocations=70 (full 5):
 PSYoungGen      total 425472K, used 20985K [0x00000000d5580000, 0x00000000f4d00000, 0x0000000100000000)
  eden space 386560K, 0% used [0x00000000d5580000,0x00000000d5580000,0x00000000ecf00000)
  from space 38912K, 53% used [0x00000000ecf00000,0x00000000ee37e6c8,0x00000000ef500000)
  to   space 37888K, 0% used [0x00000000f2800000,0x00000000f2800000,0x00000000f4d00000)
 ParOldGen       total 466944K, used 80040K [0x0000000080000000, 0x000000009c800000, 0x00000000d5580000)
  object space 466944K, 17% used [0x0000000080000000,0x0000000084e2a3f0,0x000000009c800000)
 Metaspace       used 147405K, capacity 160558K, committed 164160K, reserved 1191936K
  class space    used 18687K, capacity 21588K, committed 22376K, reserved 1048576K
}
Event: 13525.476 GC heap before
{Heap before GC invocations=71 (full 5):
 PSYoungGen      total 425472K, used 407545K [0x00000000d5580000, 0x00000000f4d00000, 0x0000000100000000)
  eden space 386560K, 100% used [0x00000000d5580000,0x00000000ecf00000,0x00000000ecf00000)
  from space 38912K, 53% used [0x00000000ecf00000,0x00000000ee37e6c8,0x00000000ef500000)
  to   space 37888K, 0% used [0x00000000f2800000,0x00000000f2800000,0x00000000f4d00000)
 ParOldGen       total 466944K, used 80040K [0x0000000080000000, 0x000000009c800000, 0x00000000d5580000)
  object space 466944K, 17% used [0x0000000080000000,0x0000000084e2a3f0,0x000000009c800000)
 Metaspace       used 147536K, capacity 160686K, committed 164160K, reserved 1191936K
  class space    used 18687K, capacity 21588K, committed 22376K, reserved 1048576K
Event: 13525.509 GC heap after
Heap after GC invocations=71 (full 5):
 PSYoungGen      total 479232K, used 18045K [0x00000000d5580000, 0x00000000f4d80000, 0x0000000100000000)
  eden space 441344K, 0% used [0x00000000d5580000,0x00000000d5580000,0x00000000f0480000)
  from space 37888K, 47% used [0x00000000f2800000,0x00000000f399f420,0x00000000f4d00000)
  to   space 36352K, 0% used [0x00000000f0480000,0x00000000f0480000,0x00000000f2800000)
 ParOldGen       total 466944K, used 80040K [0x0000000080000000, 0x000000009c800000, 0x00000000d5580000)
  object space 466944K, 17% used [0x0000000080000000,0x0000000084e2a3f0,0x000000009c800000)
 Metaspace       used 147536K, capacity 160686K, committed 164160K, reserved 1191936K
  class space    used 18687K, capacity 21588K, committed 22376K, reserved 1048576K
}
Event: 13526.013 GC heap before
{Heap before GC invocations=72 (full 5):
 PSYoungGen      total 479232K, used 459389K [0x00000000d5580000, 0x00000000f4d80000, 0x0000000100000000)
  eden space 441344K, 100% used [0x00000000d5580000,0x00000000f0480000,0x00000000f0480000)
  from space 37888K, 47% used [0x00000000f2800000,0x00000000f399f420,0x00000000f4d00000)
  to   space 36352K, 0% used [0x00000000f0480000,0x00000000f0480000,0x00000000f2800000)
 ParOldGen       total 466944K, used 80040K [0x0000000080000000, 0x000000009c800000, 0x00000000d5580000)
  object space 466944K, 17% used [0x0000000080000000,0x0000000084e2a3f0,0x000000009c800000)
 Metaspace       used 147567K, capacity 160686K, committed 164160K, reserved 1191936K
  class space    used 18687K, capacity 21588K, committed 22376K, reserved 1048576K
Event: 13526.050 GC heap after
Heap after GC invocations=72 (full 5):
 PSYoungGen      total 477696K, used 21946K [0x00000000d5580000, 0x00000000f8d80000, 0x0000000100000000)
  eden space 441344K, 0% used [0x00000000d5580000,0x00000000d5580000,0x00000000f0480000)
  from space 36352K, 60% used [0x00000000f0480000,0x00000000f19eeb28,0x00000000f2800000)
  to   space 35840K, 0% used [0x00000000f6a80000,0x00000000f6a80000,0x00000000f8d80000)
 ParOldGen       total 466944K, used 80040K [0x0000000080000000, 0x000000009c800000, 0x00000000d5580000)
  object space 466944K, 17% used [0x0000000080000000,0x0000000084e2a3f0,0x000000009c800000)
 Metaspace       used 147567K, capacity 160686K, committed 164160K, reserved 1191936K
  class space    used 18687K, capacity 21588K, committed 22376K, reserved 1048576K
}
Event: 13526.766 GC heap before
{Heap before GC invocations=73 (full 5):
 PSYoungGen      total 477696K, used 463270K [0x00000000d5580000, 0x00000000f8d80000, 0x0000000100000000)
  eden space 441344K, 99% used [0x00000000d5580000,0x00000000f047ada0,0x00000000f0480000)
  from space 36352K, 60% used [0x00000000f0480000,0x00000000f19eeb28,0x00000000f2800000)
  to   space 35840K, 0% used [0x00000000f6a80000,0x00000000f6a80000,0x00000000f8d80000)
 ParOldGen       total 466944K, used 80040K [0x0000000080000000, 0x000000009c800000, 0x00000000d5580000)
  object space 466944K, 17% used [0x0000000080000000,0x0000000084e2a3f0,0x000000009c800000)
 Metaspace       used 147637K, capacity 160750K, committed 164160K, reserved 1191936K
  class space    used 18687K, capacity 21588K, committed 22376K, reserved 1048576K
Event: 13526.790 GC heap after
Heap after GC invocations=73 (full 5):
 PSYoungGen      total 540672K, used 18109K [0x00000000d5580000, 0x00000000f8980000, 0x0000000100000000)
  eden space 508928K, 0% used [0x00000000d5580000,0x00000000d5580000,0x00000000f4680000)
  from space 31744K, 57% used [0x00000000f6a80000,0x00000000f7c2f6f0,0x00000000f8980000)
  to   space 34304K, 0% used [0x00000000f4680000,0x00000000f4680000,0x00000000f6800000)
 ParOldGen       total 466944K, used 80040K [0x0000000080000000, 0x000000009c800000, 0x00000000d5580000)
  object space 466944K, 17% used [0x0000000080000000,0x0000000084e2a3f0,0x000000009c800000)
 Metaspace       used 147637K, capacity 160750K, committed 164160K, reserved 1191936K
  class space    used 18687K, capacity 21588K, committed 22376K, reserved 1048576K
}

